<?xml version="1.0" encoding="UTF-8"?>
<testng-results skipped="0" failed="0" total="1" passed="1">
  <reporter-output>
  </reporter-output>
  <suite name="Default suite" duration-ms="27148" started-at="2019-03-10T11:57:30Z" finished-at="2019-03-10T11:57:58Z">
    <groups>
    </groups>
    <test name="Default test" duration-ms="27148" started-at="2019-03-10T11:57:30Z" finished-at="2019-03-10T11:57:58Z">
      <class name="TestCases.VerifyWordpressLogin">
        <test-method status="PASS" signature="verifyValidLogin()[pri:0, instance:TestCases.VerifyWordpressLogin@5056dfcb]" name="verifyValidLogin" duration-ms="27122" started-at="2019-03-10T17:27:30Z" finished-at="2019-03-10T17:27:58Z">
          <reporter-output>
          </reporter-output>
        </test-method> <!-- verifyValidLogin -->
      </class> <!-- TestCases.VerifyWordpressLogin -->
    </test> <!-- Default test -->
  </suite> <!-- Default suite -->
</testng-results>
